# JRE version: OpenJDK Runtime Environment Temurin-21.0.8+9 (21.0.8+9) (build 21.0.8+9-LTS)
# Java VM: OpenJDK 64-Bit Server VM Temurin-21.0.8+9 (21.0.8+9-LTS, mixed mode, sharing, tiered, compressed oops, compressed class ptrs, parallel gc, windows-amd64)
GC Precious Log:
 CardTable entry size: 512
 CPUs: 16 total, 16 available
 Memory: 16108M
 Large Page Support: Disabled
 NUMA Support: Disabled
 Compressed Oops: Enabled (32-bit)
 Alignments: Space 512K, Generation 512K, Heap 2M
 Heap Min Capacity: 100M
 Heap Initial Capacity: 100M
 Heap Max Capacity: 2G
 Pre-touch: Disabled
 Parallel Workers: 13
Heap:
 PSYoungGen      total 15872K, used 5230K [0x00000000d5580000, 0x00000000d6680000, 0x0000000100000000)
  eden space 15360K, 30% used [0x00000000d5580000,0x00000000d5a1b928,0x00000000d6480000)
  from space 512K, 100% used [0x00000000d6600000,0x00000000d6680000,0x00000000d6680000)
  to   space 1024K, 0% used [0x00000000d6480000,0x00000000d6480000,0x00000000d6580000)
 ParOldGen       total 68608K, used 37233K [0x0000000080000000, 0x0000000084300000, 0x00000000d5580000)
  object space 68608K, 54% used [0x0000000080000000,0x000000008245c680,0x0000000084300000)
 Metaspace       used 48758K, committed 49920K, reserved 1114112K
  class space    used 5392K, committed 5888K, reserved 1048576K
GC Heap History (20 events):
Event: 28.935 GC heap before
{Heap before GC invocations=21 (full 2):
 PSYoungGen      total 16896K, used 15360K [0x00000000d5580000, 0x00000000d6980000, 0x0000000100000000)
  eden space 15360K, 100% used [0x00000000d5580000,0x00000000d6480000,0x00000000d6480000)
  from space 1536K, 0% used [0x00000000d6800000,0x00000000d6800000,0x00000000d6980000)
  to   space 2560K, 0% used [0x00000000d6480000,0x00000000d6480000,0x00000000d6700000)
 ParOldGen       total 68608K, used 31377K [0x0000000080000000, 0x0000000084300000, 0x00000000d5580000)
  object space 68608K, 45% used [0x0000000080000000,0x0000000081ea47b0,0x0000000084300000)
 Metaspace       used 36102K, committed 37120K, reserved 1114112K
  class space    used 3758K, committed 4160K, reserved 1048576K
}
Event: 28.936 GC heap after
{Heap after GC invocations=21 (full 2):
 PSYoungGen      total 17920K, used 765K [0x00000000d5580000, 0x00000000d6880000, 0x0000000100000000)
  eden space 15360K, 0% used [0x00000000d5580000,0x00000000d5580000,0x00000000d6480000)
  from space 2560K, 29% used [0x00000000d6480000,0x00000000d653f620,0x00000000d6700000)
  to   space 1536K, 0% used [0x00000000d6700000,0x00000000d6700000,0x00000000d6880000)
 ParOldGen       total 68608K, used 31385K [0x0000000080000000, 0x0000000084300000, 0x00000000d5580000)
  object space 68608K, 45% used [0x0000000080000000,0x0000000081ea67b0,0x0000000084300000)
 Metaspace       used 36102K, committed 37120K, reserved 1114112K
  class space    used 3758K, committed 4160K, reserved 1048576K
}
Event: 29.204 GC heap before
{Heap before GC invocations=22 (full 2):
 PSYoungGen      total 17920K, used 16125K [0x00000000d5580000, 0x00000000d6880000, 0x0000000100000000)
  eden space 15360K, 100% used [0x00000000d5580000,0x00000000d6480000,0x00000000d6480000)
  from space 2560K, 29% used [0x00000000d6480000,0x00000000d653f620,0x00000000d6700000)
  to   space 1536K, 0% used [0x00000000d6700000,0x00000000d6700000,0x00000000d6880000)
 ParOldGen       total 68608K, used 31385K [0x0000000080000000, 0x0000000084300000, 0x00000000d5580000)
  object space 68608K, 45% used [0x0000000080000000,0x0000000081ea67b0,0x0000000084300000)
 Metaspace       used 37266K, committed 38336K, reserved 1114112K
  class space    used 3907K, committed 4352K, reserved 1048576K
}
Event: 29.207 GC heap after
{Heap after GC invocations=22 (full 2):
 PSYoungGen      total 16384K, used 851K [0x00000000d5580000, 0x00000000d6800000, 0x0000000100000000)
  eden space 15360K, 0% used [0x00000000d5580000,0x00000000d5580000,0x00000000d6480000)
  from space 1024K, 83% used [0x00000000d6700000,0x00000000d67d4f50,0x00000000d6800000)
  to   space 1024K, 0% used [0x00000000d6600000,0x00000000d6600000,0x00000000d6700000)
 ParOldGen       total 68608K, used 31889K [0x0000000080000000, 0x0000000084300000, 0x00000000d5580000)
  object space 68608K, 46% used [0x0000000080000000,0x0000000081f247b0,0x0000000084300000)
 Metaspace       used 37266K, committed 38336K, reserved 1114112K
  class space    used 3907K, committed 4352K, reserved 1048576K
}
Event: 29.552 GC heap before
{Heap before GC invocations=23 (full 2):
 PSYoungGen      total 16384K, used 16211K [0x00000000d5580000, 0x00000000d6800000, 0x0000000100000000)
  eden space 15360K, 100% used [0x00000000d5580000,0x00000000d6480000,0x00000000d6480000)
  from space 1024K, 83% used [0x00000000d6700000,0x00000000d67d4f50,0x00000000d6800000)
  to   space 1024K, 0% used [0x00000000d6600000,0x00000000d6600000,0x00000000d6700000)
 ParOldGen       total 68608K, used 31889K [0x0000000080000000, 0x0000000084300000, 0x00000000d5580000)
  object space 68608K, 46% used [0x0000000080000000,0x0000000081f247b0,0x0000000084300000)
 Metaspace       used 38427K, committed 39488K, reserved 1114112K
  class space    used 4055K, committed 4544K, reserved 1048576K
}
Event: 29.554 GC heap after
{Heap after GC invocations=23 (full 2):
 PSYoungGen      total 16384K, used 928K [0x00000000d5580000, 0x00000000d6780000, 0x0000000100000000)
  eden space 15360K, 0% used [0x00000000d5580000,0x00000000d5580000,0x00000000d6480000)
  from space 1024K, 90% used [0x00000000d6600000,0x00000000d66e8000,0x00000000d6700000)
  to   space 512K, 0% used [0x00000000d6700000,0x00000000d6700000,0x00000000d6780000)
 ParOldGen       total 68608K, used 32433K [0x0000000080000000, 0x0000000084300000, 0x00000000d5580000)
  object space 68608K, 47% used [0x0000000080000000,0x0000000081fac7c0,0x0000000084300000)
 Metaspace       used 38427K, committed 39488K, reserved 1114112K
  class space    used 4055K, committed 4544K, reserved 1048576K
}
Event: 29.931 GC heap before
{Heap before GC invocations=24 (full 2):
 PSYoungGen      total 16384K, used 16288K [0x00000000d5580000, 0x00000000d6780000, 0x0000000100000000)
  eden space 15360K, 100% used [0x00000000d5580000,0x00000000d6480000,0x00000000d6480000)
  from space 1024K, 90% used [0x00000000d6600000,0x00000000d66e8000,0x00000000d6700000)
  to   space 512K, 0% used [0x00000000d6700000,0x00000000d6700000,0x00000000d6780000)
 ParOldGen       total 68608K, used 32433K [0x0000000080000000, 0x0000000084300000, 0x00000000d5580000)
  object space 68608K, 47% used [0x0000000080000000,0x0000000081fac7c0,0x0000000084300000)
 Metaspace       used 40159K, committed 41216K, reserved 1114112K
  class space    used 4276K, committed 4736K, reserved 1048576K
}
Event: 29.932 GC heap after
{Heap after GC invocations=24 (full 2):
 PSYoungGen      total 15872K, used 512K [0x00000000d5580000, 0x00000000d6780000, 0x0000000100000000)
  eden space 15360K, 0% used [0x00000000d5580000,0x00000000d5580000,0x00000000d6480000)
  from space 512K, 100% used [0x00000000d6700000,0x00000000d6780000,0x00000000d6780000)
  to   space 1536K, 0% used [0x00000000d6480000,0x00000000d6480000,0x00000000d6600000)
 ParOldGen       total 68608K, used 33129K [0x0000000080000000, 0x0000000084300000, 0x00000000d5580000)
  object space 68608K, 48% used [0x0000000080000000,0x000000008205a7c0,0x0000000084300000)
 Metaspace       used 40159K, committed 41216K, reserved 1114112K
  class space    used 4276K, committed 4736K, reserved 1048576K
}
Event: 30.321 GC heap before
{Heap before GC invocations=25 (full 2):
 PSYoungGen      total 15872K, used 15872K [0x00000000d5580000, 0x00000000d6780000, 0x0000000100000000)
  eden space 15360K, 100% used [0x00000000d5580000,0x00000000d6480000,0x00000000d6480000)
  from space 512K, 100% used [0x00000000d6700000,0x00000000d6780000,0x00000000d6780000)
  to   space 1536K, 0% used [0x00000000d6480000,0x00000000d6480000,0x00000000d6600000)
 ParOldGen       total 68608K, used 33129K [0x0000000080000000, 0x0000000084300000, 0x00000000d5580000)
  object space 68608K, 48% used [0x0000000080000000,0x000000008205a7c0,0x0000000084300000)
 Metaspace       used 41900K, committed 43008K, reserved 1114112K
  class space    used 4500K, committed 4992K, reserved 1048576K
}
Event: 30.323 GC heap after
{Heap after GC invocations=25 (full 2):
 PSYoungGen      total 16896K, used 1024K [0x00000000d5580000, 0x00000000d6780000, 0x0000000100000000)
  eden space 15360K, 0% used [0x00000000d5580000,0x00000000d5580000,0x00000000d6480000)
  from space 1536K, 66% used [0x00000000d6480000,0x00000000d6580000,0x00000000d6600000)
  to   space 1536K, 0% used [0x00000000d6600000,0x00000000d6600000,0x00000000d6780000)
 ParOldGen       total 68608K, used 33593K [0x0000000080000000, 0x0000000084300000, 0x00000000d5580000)
  object space 68608K, 48% used [0x0000000080000000,0x00000000820ce7c0,0x0000000084300000)
 Metaspace       used 41900K, committed 43008K, reserved 1114112K
  class space    used 4500K, committed 4992K, reserved 1048576K
}
Event: 30.775 GC heap before
{Heap before GC invocations=26 (full 2):
 PSYoungGen      total 16896K, used 16384K [0x00000000d5580000, 0x00000000d6780000, 0x0000000100000000)
  eden space 15360K, 100% used [0x00000000d5580000,0x00000000d6480000,0x00000000d6480000)
  from space 1536K, 66% used [0x00000000d6480000,0x00000000d6580000,0x00000000d6600000)
  to   space 1536K, 0% used [0x00000000d6600000,0x00000000d6600000,0x00000000d6780000)
 ParOldGen       total 68608K, used 33593K [0x0000000080000000, 0x0000000084300000, 0x00000000d5580000)
  object space 68608K, 48% used [0x0000000080000000,0x00000000820ce7c0,0x0000000084300000)
 Metaspace       used 43657K, committed 44800K, reserved 1114112K
  class space    used 4744K, committed 5248K, reserved 1048576K
}
Event: 30.777 GC heap after
{Heap after GC invocations=26 (full 2):
 PSYoungGen      total 16896K, used 1184K [0x00000000d5580000, 0x00000000d6780000, 0x0000000100000000)
  eden space 15360K, 0% used [0x00000000d5580000,0x00000000d5580000,0x00000000d6480000)
  from space 1536K, 77% used [0x00000000d6600000,0x00000000d6728000,0x00000000d6780000)
  to   space 1536K, 0% used [0x00000000d6480000,0x00000000d6480000,0x00000000d6600000)
 ParOldGen       total 68608K, used 34401K [0x0000000080000000, 0x0000000084300000, 0x00000000d5580000)
  object space 68608K, 50% used [0x0000000080000000,0x00000000821984c0,0x0000000084300000)
 Metaspace       used 43657K, committed 44800K, reserved 1114112K
  class space    used 4744K, committed 5248K, reserved 1048576K
}
Event: 31.247 GC heap before
{Heap before GC invocations=27 (full 2):
 PSYoungGen      total 16896K, used 16461K [0x00000000d5580000, 0x00000000d6780000, 0x0000000100000000)
  eden space 15360K, 99% used [0x00000000d5580000,0x00000000d646b680,0x00000000d6480000)
  from space 1536K, 77% used [0x00000000d6600000,0x00000000d6728000,0x00000000d6780000)
  to   space 1536K, 0% used [0x00000000d6480000,0x00000000d6480000,0x00000000d6600000)
 ParOldGen       total 68608K, used 34401K [0x0000000080000000, 0x0000000084300000, 0x00000000d5580000)
  object space 68608K, 50% used [0x0000000080000000,0x00000000821984c0,0x0000000084300000)
 Metaspace       used 45337K, committed 46592K, reserved 1114112K
  class space    used 4932K, committed 5504K, reserved 1048576K
}
Event: 31.250 GC heap after
{Heap after GC invocations=27 (full 2):
 PSYoungGen      total 16896K, used 1185K [0x00000000d5580000, 0x00000000d6780000, 0x0000000100000000)
  eden space 15360K, 0% used [0x00000000d5580000,0x00000000d5580000,0x00000000d6480000)
  from space 1536K, 77% used [0x00000000d6480000,0x00000000d65a8400,0x00000000d6600000)
  to   space 1536K, 0% used [0x00000000d6600000,0x00000000d6600000,0x00000000d6780000)
 ParOldGen       total 68608K, used 35397K [0x0000000080000000, 0x0000000084300000, 0x00000000d5580000)
  object space 68608K, 51% used [0x0000000080000000,0x00000000822914d0,0x0000000084300000)
 Metaspace       used 45337K, committed 46592K, reserved 1114112K
  class space    used 4932K, committed 5504K, reserved 1048576K
}
Event: 31.532 GC heap before
{Heap before GC invocations=28 (full 2):
 PSYoungGen      total 16896K, used 16545K [0x00000000d5580000, 0x00000000d6780000, 0x0000000100000000)
  eden space 15360K, 100% used [0x00000000d5580000,0x00000000d6480000,0x00000000d6480000)
  from space 1536K, 77% used [0x00000000d6480000,0x00000000d65a8400,0x00000000d6600000)
  to   space 1536K, 0% used [0x00000000d6600000,0x00000000d6600000,0x00000000d6780000)
 ParOldGen       total 68608K, used 35397K [0x0000000080000000, 0x0000000084300000, 0x00000000d5580000)
  object space 68608K, 51% used [0x0000000080000000,0x00000000822914d0,0x0000000084300000)
 Metaspace       used 46195K, committed 47360K, reserved 1114112K
  class space    used 5033K, committed 5504K, reserved 1048576K
}
Event: 31.534 GC heap after
{Heap after GC invocations=28 (full 2):
 PSYoungGen      total 16384K, used 832K [0x00000000d5580000, 0x00000000d6700000, 0x0000000100000000)
  eden space 15360K, 0% used [0x00000000d5580000,0x00000000d5580000,0x00000000d6480000)
  from space 1024K, 81% used [0x00000000d6600000,0x00000000d66d0000,0x00000000d6700000)
  to   space 1024K, 0% used [0x00000000d6500000,0x00000000d6500000,0x00000000d6600000)
 ParOldGen       total 68608K, used 36213K [0x0000000080000000, 0x0000000084300000, 0x00000000d5580000)
  object space 68608K, 52% used [0x0000000080000000,0x000000008235d5f8,0x0000000084300000)
 Metaspace       used 46195K, committed 47360K, reserved 1114112K
  class space    used 5033K, committed 5504K, reserved 1048576K
}
Event: 32.114 GC heap before
{Heap before GC invocations=29 (full 2):
 PSYoungGen      total 16384K, used 16192K [0x00000000d5580000, 0x00000000d6700000, 0x0000000100000000)
  eden space 15360K, 100% used [0x00000000d5580000,0x00000000d6480000,0x00000000d6480000)
  from space 1024K, 81% used [0x00000000d6600000,0x00000000d66d0000,0x00000000d6700000)
  to   space 1024K, 0% used [0x00000000d6500000,0x00000000d6500000,0x00000000d6600000)
 ParOldGen       total 68608K, used 36213K [0x0000000080000000, 0x0000000084300000, 0x00000000d5580000)
  object space 68608K, 52% used [0x0000000080000000,0x000000008235d5f8,0x0000000084300000)
 Metaspace       used 46667K, committed 47808K, reserved 1114112K
  class space    used 5071K, committed 5568K, reserved 1048576K
}
Event: 32.116 GC heap after
{Heap after GC invocations=29 (full 2):
 PSYoungGen      total 16384K, used 576K [0x00000000d5580000, 0x00000000d6680000, 0x0000000100000000)
  eden space 15360K, 0% used [0x00000000d5580000,0x00000000d5580000,0x00000000d6480000)
  from space 1024K, 56% used [0x00000000d6500000,0x00000000d6590000,0x00000000d6600000)
  to   space 512K, 0% used [0x00000000d6600000,0x00000000d6600000,0x00000000d6680000)
 ParOldGen       total 68608K, used 36801K [0x0000000080000000, 0x0000000084300000, 0x00000000d5580000)
  object space 68608K, 53% used [0x0000000080000000,0x00000000823f0618,0x0000000084300000)
 Metaspace       used 46667K, committed 47808K, reserved 1114112K
  class space    used 5071K, committed 5568K, reserved 1048576K
}
Event: 32.420 GC heap before
{Heap before GC invocations=30 (full 2):
 PSYoungGen      total 16384K, used 15936K [0x00000000d5580000, 0x00000000d6680000, 0x0000000100000000)
  eden space 15360K, 100% used [0x00000000d5580000,0x00000000d6480000,0x00000000d6480000)
  from space 1024K, 56% used [0x00000000d6500000,0x00000000d6590000,0x00000000d6600000)
  to   space 512K, 0% used [0x00000000d6600000,0x00000000d6600000,0x00000000d6680000)
 ParOldGen       total 68608K, used 36801K [0x0000000080000000, 0x0000000084300000, 0x00000000d5580000)
  object space 68608K, 53% used [0x0000000080000000,0x00000000823f0618,0x0000000084300000)
 Metaspace       used 48262K, committed 49408K, reserved 1114112K
  class space    used 5322K, committed 5824K, reserved 1048576K
}
Event: 32.422 GC heap after
{Heap after GC invocations=30 (full 2):
 PSYoungGen      total 15872K, used 512K [0x00000000d5580000, 0x00000000d6680000, 0x0000000100000000)
  eden space 15360K, 0% used [0x00000000d5580000,0x00000000d5580000,0x00000000d6480000)
  from space 512K, 100% used [0x00000000d6600000,0x00000000d6680000,0x00000000d6680000)
  to   space 1024K, 0% used [0x00000000d6480000,0x00000000d6480000,0x00000000d6580000)
 ParOldGen       total 68608K, used 37233K [0x0000000080000000, 0x0000000084300000, 0x00000000d5580000)
  object space 68608K, 54% used [0x0000000080000000,0x000000008245c680,0x0000000084300000)
 Metaspace       used 48262K, committed 49408K, reserved 1114112K
  class space    used 5322K, committed 5824K, reserved 1048576K
}

